<?xml version="1.0" encoding="UTF-8"?>
<!-- Generated by org.testng.reporters.JUnitXMLReporter -->
<testsuite ignored="0" hostname="DESKTOP-N8M11P7" failures="0" tests="8" name="Default test" time="13.672" errors="0" timestamp="2025-07-06T22:52:56 BDT">
  <testcase classname="com.WebTest.qa.testcases.LoginWEBTest" name="create_valid_email" time="0.485"/>
  <testcase classname="com.WebTest.qa.testcases.LoginWEBTest" name="create_invalid_email" time="0.212"/>
  <testcase classname="com.WebTest.qa.testcases.LoginWEBTest" name="create_invalid_email" time="0.207"/>
  <testcase classname="com.WebTest.qa.testcases.LoginWEBTest" name="create_invalid_email" time="0.438"/>
  <testcase classname="com.WebTest.qa.testcases.LoginWEBTest" name="create_invalid_email" time="0.169"/>
  <testcase classname="com.WebTest.qa.testcases.LoginWEBTest" name="create_invalid_email" time="0.193"/>
  <testcase classname="com.WebTest.qa.testcases.LoginWEBTest" name="create_invalid_email" time="0.178"/>
  <testcase classname="com.WebTest.qa.testcases.LoginWEBTest" name="create_invalid_email" time="0.198"/>
</testsuite> <!-- Default test -->
