<?xml version="1.0" encoding="UTF-8"?>
<!-- Generated by org.testng.reporters.JUnitXMLReporter -->
<testsuite ignored="0" hostname="DESKTOP-N8M11P7" failures="0" tests="8" name="Default test" time="17.851" errors="0" timestamp="2025-07-09T22:20:04 BDT">
  <testcase classname="com.WebTest.qa.testcases.LoginWEBTest" name="create_valid_email" time="0.283"/>
  <testcase classname="com.WebTest.qa.testcases.LoginWEBTest" name="create_invalid_email" time="0.48"/>
  <testcase classname="com.WebTest.qa.testcases.LoginWEBTest" name="create_invalid_email" time="0.233"/>
  <testcase classname="com.WebTest.qa.testcases.LoginWEBTest" name="create_invalid_email" time="0.238"/>
  <testcase classname="com.WebTest.qa.testcases.LoginWEBTest" name="create_invalid_email" time="0.198"/>
  <testcase classname="com.WebTest.qa.testcases.LoginWEBTest" name="create_invalid_email" time="0.217"/>
  <testcase classname="com.WebTest.qa.testcases.LoginWEBTest" name="create_invalid_email" time="0.196"/>
  <testcase classname="com.WebTest.qa.testcases.LoginWEBTest" name="create_invalid_email" time="0.219"/>
</testsuite> <!-- Default test -->
