<?xml version="1.0" encoding="UTF-8"?>
<testng-results ignored="0" total="8" passed="8" failed="0" skipped="0">
  <reporter-output>
  </reporter-output>
  <suite started-at="2025-07-09T22:19:46 BDT" name="Default suite" finished-at="2025-07-09T22:20:04 BDT" duration-ms="17851">
    <groups>
    </groups>
    <test started-at="2025-07-09T22:19:46 BDT" name="Default test" finished-at="2025-07-09T22:20:04 BDT" duration-ms="17851">
      <class name="com.WebTest.qa.testcases.LoginWEBTest">
        <test-method is-config="true" signature="setUp()[pri:0, instance:com.WebTest.qa.testcases.LoginWEBTest@4a8355dd]" started-at="2025-07-09T22:19:50 BDT" name="setUp" finished-at="2025-07-09T22:19:52 BDT" duration-ms="2123" status="PASS">
          <reporter-output>
          </reporter-output>
        </test-method> <!-- setUp -->
        <test-method signature="create_valid_email(java.lang.String,java.lang.String)[pri:1, instance:com.WebTest.qa.testcases.LoginWEBTest@4a8355dd]" started-at="2025-07-09T22:19:52 BDT" name="create_valid_email" data-provider="getValidusernameTestDataGoogleSheet" finished-at="2025-07-09T22:19:52 BDT" duration-ms="283" status="PASS">
          <params>
            <param index="0">
              <value>
                <![CDATA[dummytree]]>
              </value>
            </param>
            <param index="1">
              <value>
                <![CDATA[test1]]>
              </value>
            </param>
          </params>
          <reporter-output>
          </reporter-output>
        </test-method> <!-- create_valid_email -->
        <test-method is-config="true" signature="tearDown()[pri:0, instance:com.WebTest.qa.testcases.LoginWEBTest@4a8355dd]" started-at="2025-07-09T22:19:52 BDT" name="tearDown" finished-at="2025-07-09T22:19:52 BDT" duration-ms="219" status="PASS">
          <reporter-output>
          </reporter-output>
        </test-method> <!-- tearDown -->
        <test-method is-config="true" signature="setUp()[pri:0, instance:com.WebTest.qa.testcases.LoginWEBTest@4a8355dd]" started-at="2025-07-09T22:19:53 BDT" name="setUp" finished-at="2025-07-09T22:19:54 BDT" duration-ms="839" status="PASS">
          <reporter-output>
          </reporter-output>
        </test-method> <!-- setUp -->
        <test-method signature="create_invalid_email(java.lang.String,java.lang.String)[pri:2, instance:com.WebTest.qa.testcases.LoginWEBTest@4a8355dd]" started-at="2025-07-09T22:19:54 BDT" name="create_invalid_email" data-provider="getInalidusernameTestDataGoogleSheet" finished-at="2025-07-09T22:19:54 BDT" duration-ms="480" status="PASS">
          <params>
            <param index="0">
              <value>
                <![CDATA[dummytree]]>
              </value>
            </param>
            <param index="1">
              <value>
                <![CDATA[123456]]>
              </value>
            </param>
          </params>
          <reporter-output>
          </reporter-output>
        </test-method> <!-- create_invalid_email -->
        <test-method is-config="true" signature="tearDown()[pri:0, instance:com.WebTest.qa.testcases.LoginWEBTest@4a8355dd]" started-at="2025-07-09T22:19:54 BDT" name="tearDown" finished-at="2025-07-09T22:19:54 BDT" duration-ms="218" status="PASS">
          <reporter-output>
          </reporter-output>
        </test-method> <!-- tearDown -->
        <test-method is-config="true" signature="setUp()[pri:0, instance:com.WebTest.qa.testcases.LoginWEBTest@4a8355dd]" started-at="2025-07-09T22:19:54 BDT" name="setUp" finished-at="2025-07-09T22:19:56 BDT" duration-ms="1125" status="PASS">
          <reporter-output>
          </reporter-output>
        </test-method> <!-- setUp -->
        <test-method signature="create_invalid_email(java.lang.String,java.lang.String)[pri:2, instance:com.WebTest.qa.testcases.LoginWEBTest@4a8355dd]" started-at="2025-07-09T22:19:56 BDT" name="create_invalid_email" data-provider="getInalidusernameTestDataGoogleSheet" finished-at="2025-07-09T22:19:56 BDT" duration-ms="233" status="PASS">
          <params>
            <param index="0">
              <value>
                <![CDATA[dummytest]]>
              </value>
            </param>
            <param index="1">
              <value>
                <![CDATA[test1]]>
              </value>
            </param>
          </params>
          <reporter-output>
          </reporter-output>
        </test-method> <!-- create_invalid_email -->
        <test-method is-config="true" signature="tearDown()[pri:0, instance:com.WebTest.qa.testcases.LoginWEBTest@4a8355dd]" started-at="2025-07-09T22:19:56 BDT" name="tearDown" finished-at="2025-07-09T22:19:56 BDT" duration-ms="175" status="PASS">
          <reporter-output>
          </reporter-output>
        </test-method> <!-- tearDown -->
        <test-method is-config="true" signature="setUp()[pri:0, instance:com.WebTest.qa.testcases.LoginWEBTest@4a8355dd]" started-at="2025-07-09T22:19:56 BDT" name="setUp" finished-at="2025-07-09T22:19:57 BDT" duration-ms="1124" status="PASS">
          <reporter-output>
          </reporter-output>
        </test-method> <!-- setUp -->
        <test-method signature="create_invalid_email(java.lang.String,java.lang.String)[pri:2, instance:com.WebTest.qa.testcases.LoginWEBTest@4a8355dd]" started-at="2025-07-09T22:19:57 BDT" name="create_invalid_email" data-provider="getInalidusernameTestDataGoogleSheet" finished-at="2025-07-09T22:19:57 BDT" duration-ms="238" status="PASS">
          <params>
            <param index="0">
              <value>
                <![CDATA[dummytest]]>
              </value>
            </param>
            <param index="1">
              <value>
                <![CDATA[123456]]>
              </value>
            </param>
          </params>
          <reporter-output>
          </reporter-output>
        </test-method> <!-- create_invalid_email -->
        <test-method is-config="true" signature="tearDown()[pri:0, instance:com.WebTest.qa.testcases.LoginWEBTest@4a8355dd]" started-at="2025-07-09T22:19:57 BDT" name="tearDown" finished-at="2025-07-09T22:19:58 BDT" duration-ms="184" status="PASS">
          <reporter-output>
          </reporter-output>
        </test-method> <!-- tearDown -->
        <test-method is-config="true" signature="setUp()[pri:0, instance:com.WebTest.qa.testcases.LoginWEBTest@4a8355dd]" started-at="2025-07-09T22:19:58 BDT" name="setUp" finished-at="2025-07-09T22:19:59 BDT" duration-ms="1137" status="PASS">
          <reporter-output>
          </reporter-output>
        </test-method> <!-- setUp -->
        <test-method signature="create_invalid_email(java.lang.String,java.lang.String)[pri:2, instance:com.WebTest.qa.testcases.LoginWEBTest@4a8355dd]" started-at="2025-07-09T22:19:59 BDT" name="create_invalid_email" data-provider="getInalidusernameTestDataGoogleSheet" finished-at="2025-07-09T22:19:59 BDT" duration-ms="198" status="PASS">
          <params>
            <param index="0">
              <value>
                <![CDATA[]]>
              </value>
            </param>
            <param index="1">
              <value>
                <![CDATA[]]>
              </value>
            </param>
          </params>
          <reporter-output>
          </reporter-output>
        </test-method> <!-- create_invalid_email -->
        <test-method is-config="true" signature="tearDown()[pri:0, instance:com.WebTest.qa.testcases.LoginWEBTest@4a8355dd]" started-at="2025-07-09T22:19:59 BDT" name="tearDown" finished-at="2025-07-09T22:19:59 BDT" duration-ms="158" status="PASS">
          <reporter-output>
          </reporter-output>
        </test-method> <!-- tearDown -->
        <test-method is-config="true" signature="setUp()[pri:0, instance:com.WebTest.qa.testcases.LoginWEBTest@4a8355dd]" started-at="2025-07-09T22:19:59 BDT" name="setUp" finished-at="2025-07-09T22:20:00 BDT" duration-ms="1152" status="PASS">
          <reporter-output>
          </reporter-output>
        </test-method> <!-- setUp -->
        <test-method signature="create_invalid_email(java.lang.String,java.lang.String)[pri:2, instance:com.WebTest.qa.testcases.LoginWEBTest@4a8355dd]" started-at="2025-07-09T22:20:00 BDT" name="create_invalid_email" data-provider="getInalidusernameTestDataGoogleSheet" finished-at="2025-07-09T22:20:00 BDT" duration-ms="217" status="PASS">
          <params>
            <param index="0">
              <value>
                <![CDATA[dummytree]]>
              </value>
            </param>
            <param index="1">
              <value>
                <![CDATA[]]>
              </value>
            </param>
          </params>
          <reporter-output>
          </reporter-output>
        </test-method> <!-- create_invalid_email -->
        <test-method is-config="true" signature="tearDown()[pri:0, instance:com.WebTest.qa.testcases.LoginWEBTest@4a8355dd]" started-at="2025-07-09T22:20:00 BDT" name="tearDown" finished-at="2025-07-09T22:20:01 BDT" duration-ms="181" status="PASS">
          <reporter-output>
          </reporter-output>
        </test-method> <!-- tearDown -->
        <test-method is-config="true" signature="setUp()[pri:0, instance:com.WebTest.qa.testcases.LoginWEBTest@4a8355dd]" started-at="2025-07-09T22:20:01 BDT" name="setUp" finished-at="2025-07-09T22:20:02 BDT" duration-ms="1147" status="PASS">
          <reporter-output>
          </reporter-output>
        </test-method> <!-- setUp -->
        <test-method signature="create_invalid_email(java.lang.String,java.lang.String)[pri:2, instance:com.WebTest.qa.testcases.LoginWEBTest@4a8355dd]" started-at="2025-07-09T22:20:02 BDT" name="create_invalid_email" data-provider="getInalidusernameTestDataGoogleSheet" finished-at="2025-07-09T22:20:02 BDT" duration-ms="196" status="PASS">
          <params>
            <param index="0">
              <value>
                <![CDATA[]]>
              </value>
            </param>
            <param index="1">
              <value>
                <![CDATA[test1]]>
              </value>
            </param>
          </params>
          <reporter-output>
          </reporter-output>
        </test-method> <!-- create_invalid_email -->
        <test-method is-config="true" signature="tearDown()[pri:0, instance:com.WebTest.qa.testcases.LoginWEBTest@4a8355dd]" started-at="2025-07-09T22:20:02 BDT" name="tearDown" finished-at="2025-07-09T22:20:02 BDT" duration-ms="178" status="PASS">
          <reporter-output>
          </reporter-output>
        </test-method> <!-- tearDown -->
        <test-method is-config="true" signature="setUp()[pri:0, instance:com.WebTest.qa.testcases.LoginWEBTest@4a8355dd]" started-at="2025-07-09T22:20:02 BDT" name="setUp" finished-at="2025-07-09T22:20:03 BDT" duration-ms="1167" status="PASS">
          <reporter-output>
          </reporter-output>
        </test-method> <!-- setUp -->
        <test-method signature="create_invalid_email(java.lang.String,java.lang.String)[pri:2, instance:com.WebTest.qa.testcases.LoginWEBTest@4a8355dd]" started-at="2025-07-09T22:20:03 BDT" name="create_invalid_email" data-provider="getInalidusernameTestDataGoogleSheet" finished-at="2025-07-09T22:20:04 BDT" duration-ms="219" status="PASS">
          <params>
            <param index="0">
              <value>
                <![CDATA[DUMMYTREE]]>
              </value>
            </param>
            <param index="1">
              <value>
                <![CDATA[TEST1]]>
              </value>
            </param>
          </params>
          <reporter-output>
          </reporter-output>
        </test-method> <!-- create_invalid_email -->
        <test-method is-config="true" signature="tearDown()[pri:0, instance:com.WebTest.qa.testcases.LoginWEBTest@4a8355dd]" started-at="2025-07-09T22:20:04 BDT" name="tearDown" finished-at="2025-07-09T22:20:04 BDT" duration-ms="218" status="PASS">
          <reporter-output>
          </reporter-output>
        </test-method> <!-- tearDown -->
      </class> <!-- com.WebTest.qa.testcases.LoginWEBTest -->
    </test> <!-- Default test -->
  </suite> <!-- Default suite -->
</testng-results>
